Determining if the pthread_create exist failed with the following output:
Change Dir: /home/pi/Streamer/mjpg-streamer/mjpg-streamer-experimental/_build/CMakeFiles/CMakeTmp

Run Build Command:"/usr/bin/make" "cmTC_d6d58/fast"
make[1]: Entering directory '/home/pi/Streamer/mjpg-streamer/mjpg-streamer-experimental/_build/CMakeFiles/CMakeTmp'
/usr/bin/make -f CMakeFiles/cmTC_d6d58.dir/build.make CMakeFiles/cmTC_d6d58.dir/build
make[2]: Entering directory '/home/pi/Streamer/mjpg-streamer/mjpg-streamer-experimental/_build/CMakeFiles/CMakeTmp'
Building C object CMakeFiles/cmTC_d6d58.dir/CheckSymbolExists.c.o
/usr/bin/cc     -o CMakeFiles/cmTC_d6d58.dir/CheckSymbolExists.c.o   -c /home/pi/Streamer/mjpg-streamer/mjpg-streamer-experimental/_build/CMakeFiles/CMakeTmp/CheckSymbolExists.c
Linking C executable cmTC_d6d58
/usr/bin/cmake -E cmake_link_script CMakeFiles/cmTC_d6d58.dir/link.txt --verbose=1
/usr/bin/cc       CMakeFiles/cmTC_d6d58.dir/CheckSymbolExists.c.o  -o cmTC_d6d58 -rdynamic 
CMakeFiles/cmTC_d6d58.dir/CheckSymbolExists.c.o: In function `main':
CheckSymbolExists.c:(.text+0x38): undefined reference to `pthread_create'
collect2: error: ld returned 1 exit status
CMakeFiles/cmTC_d6d58.dir/build.make:97: recipe for target 'cmTC_d6d58' failed
make[2]: *** [cmTC_d6d58] Error 1
make[2]: Leaving directory '/home/pi/Streamer/mjpg-streamer/mjpg-streamer-experimental/_build/CMakeFiles/CMakeTmp'
Makefile:126: recipe for target 'cmTC_d6d58/fast' failed
make[1]: *** [cmTC_d6d58/fast] Error 2
make[1]: Leaving directory '/home/pi/Streamer/mjpg-streamer/mjpg-streamer-experimental/_build/CMakeFiles/CMakeTmp'

File /home/pi/Streamer/mjpg-streamer/mjpg-streamer-experimental/_build/CMakeFiles/CMakeTmp/CheckSymbolExists.c:
/* */
#include <pthread.h>

int main(int argc, char** argv)
{
  (void)argv;
#ifndef pthread_create
  return ((int*)(&pthread_create))[argc];
#else
  (void)argc;
  return 0;
#endif
}

Determining if the function pthread_create exists in the pthreads failed with the following output:
Change Dir: /home/pi/Streamer/mjpg-streamer/mjpg-streamer-experimental/_build/CMakeFiles/CMakeTmp

Run Build Command:"/usr/bin/make" "cmTC_23e76/fast"
make[1]: Entering directory '/home/pi/Streamer/mjpg-streamer/mjpg-streamer-experimental/_build/CMakeFiles/CMakeTmp'
/usr/bin/make -f CMakeFiles/cmTC_23e76.dir/build.make CMakeFiles/cmTC_23e76.dir/build
make[2]: Entering directory '/home/pi/Streamer/mjpg-streamer/mjpg-streamer-experimental/_build/CMakeFiles/CMakeTmp'
Building C object CMakeFiles/cmTC_23e76.dir/CheckFunctionExists.c.o
/usr/bin/cc    -DCHECK_FUNCTION_EXISTS=pthread_create   -o CMakeFiles/cmTC_23e76.dir/CheckFunctionExists.c.o   -c /usr/share/cmake-3.7/Modules/CheckFunctionExists.c
Linking C executable cmTC_23e76
/usr/bin/cmake -E cmake_link_script CMakeFiles/cmTC_23e76.dir/link.txt --verbose=1
/usr/bin/cc   -DCHECK_FUNCTION_EXISTS=pthread_create    CMakeFiles/cmTC_23e76.dir/CheckFunctionExists.c.o  -o cmTC_23e76 -rdynamic -lpthreads 
/usr/bin/ld: cannot find -lpthreads
collect2: error: ld returned 1 exit status
CMakeFiles/cmTC_23e76.dir/build.make:97: recipe for target 'cmTC_23e76' failed
make[2]: *** [cmTC_23e76] Error 1
make[2]: Leaving directory '/home/pi/Streamer/mjpg-streamer/mjpg-streamer-experimental/_build/CMakeFiles/CMakeTmp'
Makefile:126: recipe for target 'cmTC_23e76/fast' failed
make[1]: *** [cmTC_23e76/fast] Error 2
make[1]: Leaving directory '/home/pi/Streamer/mjpg-streamer/mjpg-streamer-experimental/_build/CMakeFiles/CMakeTmp'


